{"level":"info","message":"✅ Redis connected","timestamp":"2026-01-09 00:01:48:148"}
{"level":"info","message":"Prisma Info Starting a postgresql pool with 21 connections.","timestamp":"2026-01-09 00:01:48:148"}
{"level":"info","message":"Server running on port 4000","timestamp":"2026-01-09 00:01:48:148"}
{"level":"info","message":"✅ Redis connected","timestamp":"2026-01-09 00:01:53:153"}
{"level":"info","message":"Prisma Info Starting a postgresql pool with 21 connections.","timestamp":"2026-01-09 00:01:53:153"}
{"level":"info","message":"Server running on port 4000","timestamp":"2026-01-09 00:01:53:153"}
{"duration":3,"level":"warn","message":"Request Completed: GET /4822e4ec-8966-4fef-9de0-6dbc07904626/dashboard/availability?startDate=2026-01-04T18%3A30%3A00.000Z&endDate=2026-01-11T18%3A29%3A59.999Z 401 3ms","statusCode":401,"timestamp":"2026-01-09 00:26:09:269"}
{"ip":"::1","level":"error","message":"Global Error Handler Invalid email or password","method":"POST","path":"/api/v1/auth/login","stack":"Error: Invalid email or password\n    at /home/abhay/Data/personal/quixhr/backend/src/modules/auth/auth.controller.ts:201:19","status":"fail","statusCode":401,"timestamp":"2026-01-09 00:28:00:280"}
{"duration":186,"level":"warn","message":"Request Completed: POST /api/v1/auth/login 401 186ms","statusCode":401,"timestamp":"2026-01-09 00:28:00:280"}
{"ip":"::1","level":"error","message":"Global Error Handler Invalid email or password","method":"POST","path":"/api/v1/auth/login","stack":"Error: Invalid email or password\n    at /home/abhay/Data/personal/quixhr/backend/src/modules/auth/auth.controller.ts:201:19","status":"fail","statusCode":401,"timestamp":"2026-01-09 00:28:01:281"}
{"duration":159,"level":"warn","message":"Request Completed: POST /api/v1/auth/login 401 159ms","statusCode":401,"timestamp":"2026-01-09 00:28:01:281"}
{"level":"info","message":"Queued email: login-alert to abhaysharma.as2719@gmail.com","timestamp":"2026-01-09 00:28:09:289"}
{"level":"info","message":"Processing email job 18: login-alert to abhaysharma.as2719@gmail.com","timestamp":"2026-01-09 00:28:09:289"}
{"level":"info","message":"Message sent: %s","timestamp":"2026-01-09 00:28:10:2810"}
{"level":"info","message":"Email job 18 completed successfully","timestamp":"2026-01-09 00:28:10:2810"}
{"level":"info","message":"Queued email: leave-request to abhaysharma.as2719@gmail.com","timestamp":"2026-01-09 00:29:56:2956"}
{"level":"info","message":"Queued 1 emails: leave-request to multiple recipients","timestamp":"2026-01-09 00:29:56:2956"}
{"level":"info","message":"Processing email job 19: leave-request to abhaysharma.as2719@gmail.com","timestamp":"2026-01-09 00:29:56:2956"}
{"level":"info","message":"Queued notification: LEAVE_REQUEST_CREATED for user eb534a77-ba3f-4578-b670-487861864b8d","timestamp":"2026-01-09 00:29:56:2956"}
{"level":"info","message":"Processing notification job 9: LEAVE_REQUEST_CREATED for user eb534a77-ba3f-4578-b670-487861864b8d","timestamp":"2026-01-09 00:29:56:2956"}
{"level":"info","message":"Notification job 9 completed successfully","timestamp":"2026-01-09 00:29:56:2956"}
{"level":"info","message":"Message sent: %s","timestamp":"2026-01-09 00:29:57:2957"}
{"level":"info","message":"Email job 19 completed successfully","timestamp":"2026-01-09 00:29:57:2957"}
{"level":"info","message":"✅ Redis connected","timestamp":"2026-01-09 00:31:58:3158"}
{"level":"info","message":"Prisma Info Starting a postgresql pool with 21 connections.","timestamp":"2026-01-09 00:31:58:3158"}
{"level":"info","message":"Server running on port 4000","timestamp":"2026-01-09 00:31:58:3158"}
{"level":"info","message":"✅ Redis connected","timestamp":"2026-01-09 00:34:29:3429"}
{"level":"info","message":"Prisma Info Starting a postgresql pool with 21 connections.","timestamp":"2026-01-09 00:34:29:3429"}
{"level":"info","message":"Server running on port 4000","timestamp":"2026-01-09 00:34:29:3429"}
{"level":"info","message":"✅ Redis connected","timestamp":"2026-01-09 00:35:01:351"}
{"level":"info","message":"Prisma Info Starting a postgresql pool with 21 connections.","timestamp":"2026-01-09 00:35:01:351"}
{"level":"info","message":"Server running on port 4000","timestamp":"2026-01-09 00:35:02:352"}
{"level":"info","message":"✅ Redis connected","timestamp":"2026-01-09 00:35:04:354"}
{"level":"info","message":"Prisma Info Starting a postgresql pool with 21 connections.","timestamp":"2026-01-09 00:35:04:354"}
{"level":"info","message":"Server running on port 4000","timestamp":"2026-01-09 00:35:04:354"}
{"level":"info","message":"✅ Redis connected","timestamp":"2026-01-09 00:35:10:3510"}
{"level":"info","message":"Prisma Info Starting a postgresql pool with 21 connections.","timestamp":"2026-01-09 00:35:10:3510"}
{"level":"info","message":"Server running on port 4000","timestamp":"2026-01-09 00:35:10:3510"}
{"level":"info","message":"✅ Redis connected","timestamp":"2026-01-09 00:43:49:4349"}
{"level":"info","message":"Prisma Info Starting a postgresql pool with 21 connections.","timestamp":"2026-01-09 00:43:49:4349"}
{"level":"info","message":"Server running on port 4000","timestamp":"2026-01-09 00:43:49:4349"}
{"level":"info","message":"✅ Redis connected","timestamp":"2026-01-09 00:43:51:4351"}
{"level":"info","message":"Prisma Info Starting a postgresql pool with 21 connections.","timestamp":"2026-01-09 00:43:51:4351"}
{"level":"info","message":"Server running on port 4000","timestamp":"2026-01-09 00:43:51:4351"}
{"level":"info","message":"✅ Redis connected","timestamp":"2026-01-09 00:44:10:4410"}
{"level":"info","message":"Prisma Info Starting a postgresql pool with 21 connections.","timestamp":"2026-01-09 00:44:10:4410"}
{"level":"info","message":"Server running on port 4000","timestamp":"2026-01-09 00:44:10:4410"}
{"level":"info","message":"Queued email: leave-request to abhaysharma.as2719@gmail.com","timestamp":"2026-01-09 00:44:32:4432"}
{"level":"info","message":"Processing email job 20: leave-request to abhaysharma.as2719@gmail.com","timestamp":"2026-01-09 00:44:32:4432"}
{"level":"info","message":"Queued 1 emails: leave-request to multiple recipients","timestamp":"2026-01-09 00:44:32:4432"}
{"level":"info","message":"Queued notification: LEAVE_REQUEST_CREATED for user eb534a77-ba3f-4578-b670-487861864b8d","timestamp":"2026-01-09 00:44:32:4432"}
{"level":"info","message":"Processing notification job 10: LEAVE_REQUEST_CREATED for user eb534a77-ba3f-4578-b670-487861864b8d","timestamp":"2026-01-09 00:44:32:4432"}
{"level":"info","message":"Notification job 10 completed successfully","timestamp":"2026-01-09 00:44:32:4432"}
{"level":"info","message":"Message sent: %s","timestamp":"2026-01-09 00:44:33:4433"}
{"level":"info","message":"Email job 20 completed successfully","timestamp":"2026-01-09 00:44:33:4433"}
{"level":"info","message":"Queued email: leave-request to abhaysharma.as2719@gmail.com","timestamp":"2026-01-09 00:48:05:485"}
{"level":"info","message":"Processing email job 21: leave-request to abhaysharma.as2719@gmail.com","timestamp":"2026-01-09 00:48:05:485"}
{"level":"info","message":"Queued 1 emails: leave-request to multiple recipients","timestamp":"2026-01-09 00:48:05:485"}
{"level":"info","message":"Queued notification: LEAVE_REQUEST_CREATED for user eb534a77-ba3f-4578-b670-487861864b8d","timestamp":"2026-01-09 00:48:05:485"}
{"level":"info","message":"Processing notification job 11: LEAVE_REQUEST_CREATED for user eb534a77-ba3f-4578-b670-487861864b8d","timestamp":"2026-01-09 00:48:05:485"}
{"level":"info","message":"Notification job 11 completed successfully","timestamp":"2026-01-09 00:48:05:485"}
{"level":"info","message":"Message sent: %s","timestamp":"2026-01-09 00:48:06:486"}
{"level":"info","message":"Email job 21 completed successfully","timestamp":"2026-01-09 00:48:06:486"}
{"level":"info","message":"✅ Redis connected","timestamp":"2026-01-09 00:51:12:5112"}
{"level":"info","message":"Prisma Info Starting a postgresql pool with 21 connections.","timestamp":"2026-01-09 00:51:12:5112"}
{"level":"info","message":"Server running on port 4000","timestamp":"2026-01-09 00:51:12:5112"}
{"level":"info","message":"✅ Redis connected","timestamp":"2026-01-09 00:51:15:5115"}
{"level":"info","message":"Prisma Info Starting a postgresql pool with 21 connections.","timestamp":"2026-01-09 00:51:15:5115"}
{"level":"info","message":"Server running on port 4000","timestamp":"2026-01-09 00:51:15:5115"}
{"level":"info","message":"✅ Redis connected","timestamp":"2026-01-09 00:51:18:5118"}
{"level":"info","message":"Prisma Info Starting a postgresql pool with 21 connections.","timestamp":"2026-01-09 00:51:18:5118"}
{"level":"info","message":"Server running on port 4000","timestamp":"2026-01-09 00:51:18:5118"}
{"level":"info","message":"✅ Redis connected","timestamp":"2026-01-09 00:51:25:5125"}
{"level":"info","message":"Prisma Info Starting a postgresql pool with 21 connections.","timestamp":"2026-01-09 00:51:25:5125"}
{"level":"info","message":"Server running on port 4000","timestamp":"2026-01-09 00:51:25:5125"}
{"level":"info","message":"✅ Redis connected","timestamp":"2026-01-09 00:52:15:5215"}
{"level":"info","message":"Prisma Info Starting a postgresql pool with 21 connections.","timestamp":"2026-01-09 00:52:15:5215"}
{"level":"info","message":"Server running on port 4000","timestamp":"2026-01-09 00:52:15:5215"}
{"level":"info","message":"Processing email job 22: leave-request to abhaysharma.as2719@gmail.com","timestamp":"2026-01-09 00:52:53:5253"}
{"level":"info","message":"Queued email: leave-request to abhaysharma.as2719@gmail.com","timestamp":"2026-01-09 00:52:53:5253"}
{"level":"info","message":"Queued 1 emails: leave-request to multiple recipients","timestamp":"2026-01-09 00:52:53:5253"}
{"level":"info","message":"Queued notification: LEAVE_REQUEST_CREATED for user eb534a77-ba3f-4578-b670-487861864b8d","timestamp":"2026-01-09 00:52:53:5253"}
{"level":"info","message":"Processing notification job 12: LEAVE_REQUEST_CREATED for user eb534a77-ba3f-4578-b670-487861864b8d","timestamp":"2026-01-09 00:52:53:5253"}
{"level":"info","message":"Notification job 12 completed successfully","timestamp":"2026-01-09 00:52:53:5253"}
{"level":"info","message":"Message sent: %s","timestamp":"2026-01-09 00:52:54:5254"}
{"level":"info","message":"Email job 22 completed successfully","timestamp":"2026-01-09 00:52:54:5254"}
{"level":"info","message":"✅ Redis connected","timestamp":"2026-01-09 00:56:24:5624"}
{"level":"info","message":"Prisma Info Starting a postgresql pool with 21 connections.","timestamp":"2026-01-09 00:56:24:5624"}
{"level":"info","message":"Server running on port 4000","timestamp":"2026-01-09 00:56:25:5625"}
{"level":"info","message":"Prisma Info Starting a postgresql pool with 21 connections.","timestamp":"2026-01-09 01:01:35:135"}
{"level":"info","message":"✅ Redis connected","timestamp":"2026-01-09 01:02:10:210"}
{"level":"info","message":"Prisma Info Starting a postgresql pool with 21 connections.","timestamp":"2026-01-09 01:02:10:210"}
{"level":"info","message":"Server running on port 4000","timestamp":"2026-01-09 01:02:10:210"}
{"level":"info","message":"✅ Redis connected","timestamp":"2026-01-09 01:02:22:222"}
{"level":"info","message":"Prisma Info Starting a postgresql pool with 21 connections.","timestamp":"2026-01-09 01:02:22:222"}
{"level":"info","message":"Server running on port 4000","timestamp":"2026-01-09 01:02:22:222"}
{"level":"info","message":"Prisma Info Starting a postgresql pool with 21 connections.","timestamp":"2026-01-09 01:04:21:421"}
{"level":"info","message":"Processing email job 23: leave-request to abhaysharma.as2719@gmail.com","timestamp":"2026-01-09 01:13:10:1310"}
{"level":"info","message":"Queued email: leave-request to abhaysharma.as2719@gmail.com","timestamp":"2026-01-09 01:13:10:1310"}
{"level":"info","message":"Queued 1 emails: leave-request to multiple recipients","timestamp":"2026-01-09 01:13:10:1310"}
{"level":"info","message":"Queued notification: LEAVE_REQUEST_CREATED for user eb534a77-ba3f-4578-b670-487861864b8d","timestamp":"2026-01-09 01:13:10:1310"}
{"level":"info","message":"Processing notification job 13: LEAVE_REQUEST_CREATED for user eb534a77-ba3f-4578-b670-487861864b8d","timestamp":"2026-01-09 01:13:10:1310"}
{"level":"info","message":"Notification job 13 completed successfully","timestamp":"2026-01-09 01:13:10:1310"}
{"level":"info","message":"Message sent: %s","timestamp":"2026-01-09 01:13:11:1311"}
{"level":"info","message":"Email job 23 completed successfully","timestamp":"2026-01-09 01:13:11:1311"}
{"level":"info","message":"Queued email: login-alert to kasonabi@denipl.com","timestamp":"2026-01-09 01:13:44:1344"}
{"level":"info","message":"Processing email job 24: login-alert to kasonabi@denipl.com","timestamp":"2026-01-09 01:13:44:1344"}
{"level":"info","message":"Message sent: %s","timestamp":"2026-01-09 01:13:45:1345"}
{"level":"info","message":"Email job 24 completed successfully","timestamp":"2026-01-09 01:13:45:1345"}
{"ip":"::1","level":"error","message":"Global Error Handler Can't find /api/v1/notifications/f9948d94-58cc-4fc3-bd94-c9fecd4df981/read on this server!","method":"PATCH","path":"/api/v1/notifications/f9948d94-58cc-4fc3-bd94-c9fecd4df981/read","stack":"Error: Can't find /api/v1/notifications/f9948d94-58cc-4fc3-bd94-c9fecd4df981/read on this server!\n    at /home/abhay/Data/personal/quixhr/backend/src/app.ts:115:8\n    at Layer.handle [as handle_request] (/home/abhay/Data/personal/quixhr/backend/node_modules/express/lib/router/layer.js:95:5)\n    at next (/home/abhay/Data/personal/quixhr/backend/node_modules/express/lib/router/route.js:149:13)\n    at next (/home/abhay/Data/personal/quixhr/backend/node_modules/express/lib/router/route.js:145:7)\n    at next (/home/abhay/Data/personal/quixhr/backend/node_modules/express/lib/router/route.js:145:7)\n    at next (/home/abhay/Data/personal/quixhr/backend/node_modules/express/lib/router/route.js:145:7)\n    at next (/home/abhay/Data/personal/quixhr/backend/node_modules/express/lib/router/route.js:145:7)\n    at next (/home/abhay/Data/personal/quixhr/backend/node_modules/express/lib/router/route.js:145:7)\n    at next (/home/abhay/Data/personal/quixhr/backend/node_modules/express/lib/router/route.js:145:7)\n    at next (/home/abhay/Data/personal/quixhr/backend/node_modules/express/lib/router/route.js:145:7)","status":"fail","statusCode":404,"timestamp":"2026-01-09 01:14:50:1450"}
{"duration":8,"level":"warn","message":"Request Completed: PATCH /api/v1/notifications/f9948d94-58cc-4fc3-bd94-c9fecd4df981/read 404 8ms","statusCode":404,"timestamp":"2026-01-09 01:14:51:1451"}
{"ip":"::1","level":"error","message":"Global Error Handler Can't find /api/v1/notifications/f9948d94-58cc-4fc3-bd94-c9fecd4df981/read on this server!","method":"PATCH","path":"/api/v1/notifications/f9948d94-58cc-4fc3-bd94-c9fecd4df981/read","stack":"Error: Can't find /api/v1/notifications/f9948d94-58cc-4fc3-bd94-c9fecd4df981/read on this server!\n    at /home/abhay/Data/personal/quixhr/backend/src/app.ts:115:8\n    at Layer.handle [as handle_request] (/home/abhay/Data/personal/quixhr/backend/node_modules/express/lib/router/layer.js:95:5)\n    at next (/home/abhay/Data/personal/quixhr/backend/node_modules/express/lib/router/route.js:149:13)\n    at next (/home/abhay/Data/personal/quixhr/backend/node_modules/express/lib/router/route.js:145:7)\n    at next (/home/abhay/Data/personal/quixhr/backend/node_modules/express/lib/router/route.js:145:7)\n    at next (/home/abhay/Data/personal/quixhr/backend/node_modules/express/lib/router/route.js:145:7)\n    at next (/home/abhay/Data/personal/quixhr/backend/node_modules/express/lib/router/route.js:145:7)\n    at next (/home/abhay/Data/personal/quixhr/backend/node_modules/express/lib/router/route.js:145:7)\n    at next (/home/abhay/Data/personal/quixhr/backend/node_modules/express/lib/router/route.js:145:7)\n    at next (/home/abhay/Data/personal/quixhr/backend/node_modules/express/lib/router/route.js:145:7)","status":"fail","statusCode":404,"timestamp":"2026-01-09 01:14:52:1452"}
{"duration":4,"level":"warn","message":"Request Completed: PATCH /api/v1/notifications/f9948d94-58cc-4fc3-bd94-c9fecd4df981/read 404 4ms","statusCode":404,"timestamp":"2026-01-09 01:14:52:1452"}
{"level":"info","message":"Queued email: leave-status to kasonabi@denipl.com","timestamp":"2026-01-09 01:15:00:150"}
{"level":"info","message":"Processing email job 25: leave-status to kasonabi@denipl.com","timestamp":"2026-01-09 01:15:00:150"}
{"level":"info","message":"Queued notification: LEAVE_REQUEST_APPROVED for user caf9525f-cb5f-460c-8598-f6d30b14b6d0","timestamp":"2026-01-09 01:15:00:150"}
{"level":"info","message":"Processing notification job 14: LEAVE_REQUEST_APPROVED for user caf9525f-cb5f-460c-8598-f6d30b14b6d0","timestamp":"2026-01-09 01:15:00:150"}
{"level":"info","message":"Notification job 14 completed successfully","timestamp":"2026-01-09 01:15:00:150"}
{"level":"info","message":"Message sent: %s","timestamp":"2026-01-09 01:15:02:152"}
{"level":"info","message":"Email job 25 completed successfully","timestamp":"2026-01-09 01:15:02:152"}
{"level":"info","message":"Queued email: leave-request to abhaysharma.as2719@gmail.com","timestamp":"2026-01-09 01:21:49:2149"}
{"level":"info","message":"Processing email job 26: leave-request to abhaysharma.as2719@gmail.com","timestamp":"2026-01-09 01:21:49:2149"}
{"level":"info","message":"Queued 1 emails: leave-request to multiple recipients","timestamp":"2026-01-09 01:21:49:2149"}
{"level":"info","message":"Queued notification: LEAVE_REQUEST_CREATED for user eb534a77-ba3f-4578-b670-487861864b8d","timestamp":"2026-01-09 01:21:49:2149"}
{"level":"info","message":"Processing notification job 15: LEAVE_REQUEST_CREATED for user eb534a77-ba3f-4578-b670-487861864b8d","timestamp":"2026-01-09 01:21:49:2149"}
{"level":"info","message":"Notification job 15 completed successfully","timestamp":"2026-01-09 01:21:49:2149"}
{"level":"info","message":"Message sent: %s","timestamp":"2026-01-09 01:21:50:2150"}
{"level":"info","message":"Email job 26 completed successfully","timestamp":"2026-01-09 01:21:50:2150"}
{"level":"info","message":"✅ Redis connected","timestamp":"2026-01-09 01:23:01:231"}
{"level":"info","message":"Prisma Info Starting a postgresql pool with 21 connections.","timestamp":"2026-01-09 01:23:01:231"}
{"level":"info","message":"✅ SES client initialized","timestamp":"2026-01-09 01:23:01:231"}
{"level":"info","message":"Worker process started","timestamp":"2026-01-09 01:23:01:231"}
{"level":"info","message":"Running in standalone mode - Workers active","timestamp":"2026-01-09 01:23:01:231"}
{"level":"info","message":"Server running on port 4000","timestamp":"2026-01-09 01:23:01:231"}
{"level":"info","message":"✅ SES client initialized","timestamp":"2026-01-09 01:23:12:2312"}
{"level":"info","message":"Worker process started","timestamp":"2026-01-09 01:23:12:2312"}
{"level":"info","message":"Running in standalone mode - Workers active","timestamp":"2026-01-09 01:23:12:2312"}
{"level":"info","message":"✅ Redis connected","timestamp":"2026-01-09 01:23:12:2312"}
{"level":"info","message":"Prisma Info Starting a postgresql pool with 21 connections.","timestamp":"2026-01-09 01:23:12:2312"}
{"level":"info","message":"Server running on port 4000","timestamp":"2026-01-09 01:23:12:2312"}
{"level":"info","message":"✅ SES client initialized","timestamp":"2026-01-09 01:23:15:2315"}
{"level":"info","message":"Worker process started","timestamp":"2026-01-09 01:23:15:2315"}
{"level":"info","message":"Running in standalone mode - Workers active","timestamp":"2026-01-09 01:23:15:2315"}
{"level":"info","message":"✅ Redis connected","timestamp":"2026-01-09 01:23:15:2315"}
{"level":"info","message":"Prisma Info Starting a postgresql pool with 21 connections.","timestamp":"2026-01-09 01:23:15:2315"}
{"level":"info","message":"Server running on port 4000","timestamp":"2026-01-09 01:23:15:2315"}
{"level":"info","message":"Queued email: leave-request to abhaysharma.as2719@gmail.com","timestamp":"2026-01-09 01:23:39:2339"}
{"level":"info","message":"Queued 1 emails: leave-request to multiple recipients","timestamp":"2026-01-09 01:23:39:2339"}
{"level":"info","message":"Queued notification: LEAVE_REQUEST_CREATED for user eb534a77-ba3f-4578-b670-487861864b8d","timestamp":"2026-01-09 01:23:39:2339"}
{"level":"info","message":"Processing email job 27: leave-request to abhaysharma.as2719@gmail.com","timestamp":"2026-01-09 01:23:39:2339"}
{"level":"info","message":"Processing notification job 16: LEAVE_REQUEST_CREATED for user eb534a77-ba3f-4578-b670-487861864b8d","timestamp":"2026-01-09 01:23:39:2339"}
{"level":"info","message":"Prisma Info Starting a postgresql pool with 21 connections.","timestamp":"2026-01-09 01:23:39:2339"}
{"level":"info","message":"Notification job 16 completed successfully","timestamp":"2026-01-09 01:23:39:2339"}
{"level":"info","message":"Message sent: %s","timestamp":"2026-01-09 01:23:40:2340"}
{"level":"info","message":"Email job 27 completed successfully","timestamp":"2026-01-09 01:23:40:2340"}
{"ip":"::1","level":"error","message":"Global Error Handler Can't find /api/v1/notifications/c2377343-a0a6-4146-98c8-fb285615806b/read on this server!","method":"PATCH","path":"/api/v1/notifications/c2377343-a0a6-4146-98c8-fb285615806b/read","stack":"Error: Can't find /api/v1/notifications/c2377343-a0a6-4146-98c8-fb285615806b/read on this server!\n    at /home/abhay/Data/personal/quixhr/backend/src/app.ts:115:8\n    at Layer.handle [as handle_request] (/home/abhay/Data/personal/quixhr/backend/node_modules/express/lib/router/layer.js:95:5)\n    at next (/home/abhay/Data/personal/quixhr/backend/node_modules/express/lib/router/route.js:149:13)\n    at next (/home/abhay/Data/personal/quixhr/backend/node_modules/express/lib/router/route.js:145:7)\n    at next (/home/abhay/Data/personal/quixhr/backend/node_modules/express/lib/router/route.js:145:7)\n    at next (/home/abhay/Data/personal/quixhr/backend/node_modules/express/lib/router/route.js:145:7)\n    at next (/home/abhay/Data/personal/quixhr/backend/node_modules/express/lib/router/route.js:145:7)\n    at next (/home/abhay/Data/personal/quixhr/backend/node_modules/express/lib/router/route.js:145:7)\n    at next (/home/abhay/Data/personal/quixhr/backend/node_modules/express/lib/router/route.js:145:7)\n    at next (/home/abhay/Data/personal/quixhr/backend/node_modules/express/lib/router/route.js:145:7)","status":"fail","statusCode":404,"timestamp":"2026-01-09 01:25:14:2514"}
{"duration":8,"level":"warn","message":"Request Completed: PATCH /api/v1/notifications/c2377343-a0a6-4146-98c8-fb285615806b/read 404 8ms","statusCode":404,"timestamp":"2026-01-09 01:25:14:2514"}
{"ip":"::1","level":"error","message":"Global Error Handler Can't find /api/v1/notifications/c2377343-a0a6-4146-98c8-fb285615806b/read on this server!","method":"PATCH","path":"/api/v1/notifications/c2377343-a0a6-4146-98c8-fb285615806b/read","stack":"Error: Can't find /api/v1/notifications/c2377343-a0a6-4146-98c8-fb285615806b/read on this server!\n    at /home/abhay/Data/personal/quixhr/backend/src/app.ts:115:8\n    at Layer.handle [as handle_request] (/home/abhay/Data/personal/quixhr/backend/node_modules/express/lib/router/layer.js:95:5)\n    at next (/home/abhay/Data/personal/quixhr/backend/node_modules/express/lib/router/route.js:149:13)\n    at next (/home/abhay/Data/personal/quixhr/backend/node_modules/express/lib/router/route.js:145:7)\n    at next (/home/abhay/Data/personal/quixhr/backend/node_modules/express/lib/router/route.js:145:7)\n    at next (/home/abhay/Data/personal/quixhr/backend/node_modules/express/lib/router/route.js:145:7)\n    at next (/home/abhay/Data/personal/quixhr/backend/node_modules/express/lib/router/route.js:145:7)\n    at next (/home/abhay/Data/personal/quixhr/backend/node_modules/express/lib/router/route.js:145:7)\n    at next (/home/abhay/Data/personal/quixhr/backend/node_modules/express/lib/router/route.js:145:7)\n    at next (/home/abhay/Data/personal/quixhr/backend/node_modules/express/lib/router/route.js:145:7)","status":"fail","statusCode":404,"timestamp":"2026-01-09 01:25:15:2515"}
{"duration":3,"level":"warn","message":"Request Completed: PATCH /api/v1/notifications/c2377343-a0a6-4146-98c8-fb285615806b/read 404 3ms","statusCode":404,"timestamp":"2026-01-09 01:25:15:2515"}
{"ip":"::1","level":"error","message":"Global Error Handler Can't find /api/v1/notifications/c2377343-a0a6-4146-98c8-fb285615806b/read on this server!","method":"PATCH","path":"/api/v1/notifications/c2377343-a0a6-4146-98c8-fb285615806b/read","stack":"Error: Can't find /api/v1/notifications/c2377343-a0a6-4146-98c8-fb285615806b/read on this server!\n    at /home/abhay/Data/personal/quixhr/backend/src/app.ts:115:8\n    at Layer.handle [as handle_request] (/home/abhay/Data/personal/quixhr/backend/node_modules/express/lib/router/layer.js:95:5)\n    at next (/home/abhay/Data/personal/quixhr/backend/node_modules/express/lib/router/route.js:149:13)\n    at next (/home/abhay/Data/personal/quixhr/backend/node_modules/express/lib/router/route.js:145:7)\n    at next (/home/abhay/Data/personal/quixhr/backend/node_modules/express/lib/router/route.js:145:7)\n    at next (/home/abhay/Data/personal/quixhr/backend/node_modules/express/lib/router/route.js:145:7)\n    at next (/home/abhay/Data/personal/quixhr/backend/node_modules/express/lib/router/route.js:145:7)\n    at next (/home/abhay/Data/personal/quixhr/backend/node_modules/express/lib/router/route.js:145:7)\n    at next (/home/abhay/Data/personal/quixhr/backend/node_modules/express/lib/router/route.js:145:7)\n    at next (/home/abhay/Data/personal/quixhr/backend/node_modules/express/lib/router/route.js:145:7)","status":"fail","statusCode":404,"timestamp":"2026-01-09 01:25:15:2515"}
{"duration":3,"level":"warn","message":"Request Completed: PATCH /api/v1/notifications/c2377343-a0a6-4146-98c8-fb285615806b/read 404 3ms","statusCode":404,"timestamp":"2026-01-09 01:25:15:2515"}
{"ip":"::1","level":"error","message":"Global Error Handler Can't find /api/v1/notifications/c2377343-a0a6-4146-98c8-fb285615806b/read on this server!","method":"PATCH","path":"/api/v1/notifications/c2377343-a0a6-4146-98c8-fb285615806b/read","stack":"Error: Can't find /api/v1/notifications/c2377343-a0a6-4146-98c8-fb285615806b/read on this server!\n    at /home/abhay/Data/personal/quixhr/backend/src/app.ts:115:8\n    at Layer.handle [as handle_request] (/home/abhay/Data/personal/quixhr/backend/node_modules/express/lib/router/layer.js:95:5)\n    at next (/home/abhay/Data/personal/quixhr/backend/node_modules/express/lib/router/route.js:149:13)\n    at next (/home/abhay/Data/personal/quixhr/backend/node_modules/express/lib/router/route.js:145:7)\n    at next (/home/abhay/Data/personal/quixhr/backend/node_modules/express/lib/router/route.js:145:7)\n    at next (/home/abhay/Data/personal/quixhr/backend/node_modules/express/lib/router/route.js:145:7)\n    at next (/home/abhay/Data/personal/quixhr/backend/node_modules/express/lib/router/route.js:145:7)\n    at next (/home/abhay/Data/personal/quixhr/backend/node_modules/express/lib/router/route.js:145:7)\n    at next (/home/abhay/Data/personal/quixhr/backend/node_modules/express/lib/router/route.js:145:7)\n    at next (/home/abhay/Data/personal/quixhr/backend/node_modules/express/lib/router/route.js:145:7)","status":"fail","statusCode":404,"timestamp":"2026-01-09 01:25:16:2516"}
{"duration":3,"level":"warn","message":"Request Completed: PATCH /api/v1/notifications/c2377343-a0a6-4146-98c8-fb285615806b/read 404 3ms","statusCode":404,"timestamp":"2026-01-09 01:25:16:2516"}
{"ip":"::1","level":"error","message":"Global Error Handler Can't find /api/v1/notifications/c2377343-a0a6-4146-98c8-fb285615806b/read on this server!","method":"PATCH","path":"/api/v1/notifications/c2377343-a0a6-4146-98c8-fb285615806b/read","stack":"Error: Can't find /api/v1/notifications/c2377343-a0a6-4146-98c8-fb285615806b/read on this server!\n    at /home/abhay/Data/personal/quixhr/backend/src/app.ts:115:8\n    at Layer.handle [as handle_request] (/home/abhay/Data/personal/quixhr/backend/node_modules/express/lib/router/layer.js:95:5)\n    at next (/home/abhay/Data/personal/quixhr/backend/node_modules/express/lib/router/route.js:149:13)\n    at next (/home/abhay/Data/personal/quixhr/backend/node_modules/express/lib/router/route.js:145:7)\n    at next (/home/abhay/Data/personal/quixhr/backend/node_modules/express/lib/router/route.js:145:7)\n    at next (/home/abhay/Data/personal/quixhr/backend/node_modules/express/lib/router/route.js:145:7)\n    at next (/home/abhay/Data/personal/quixhr/backend/node_modules/express/lib/router/route.js:145:7)\n    at next (/home/abhay/Data/personal/quixhr/backend/node_modules/express/lib/router/route.js:145:7)\n    at next (/home/abhay/Data/personal/quixhr/backend/node_modules/express/lib/router/route.js:145:7)\n    at next (/home/abhay/Data/personal/quixhr/backend/node_modules/express/lib/router/route.js:145:7)","status":"fail","statusCode":404,"timestamp":"2026-01-09 01:25:20:2520"}
{"duration":2,"level":"warn","message":"Request Completed: PATCH /api/v1/notifications/c2377343-a0a6-4146-98c8-fb285615806b/read 404 2ms","statusCode":404,"timestamp":"2026-01-09 01:25:20:2520"}
{"ip":"::1","level":"error","message":"Global Error Handler Can't find /api/v1/notifications/c2377343-a0a6-4146-98c8-fb285615806b/read on this server!","method":"PATCH","path":"/api/v1/notifications/c2377343-a0a6-4146-98c8-fb285615806b/read","stack":"Error: Can't find /api/v1/notifications/c2377343-a0a6-4146-98c8-fb285615806b/read on this server!\n    at /home/abhay/Data/personal/quixhr/backend/src/app.ts:115:8\n    at Layer.handle [as handle_request] (/home/abhay/Data/personal/quixhr/backend/node_modules/express/lib/router/layer.js:95:5)\n    at next (/home/abhay/Data/personal/quixhr/backend/node_modules/express/lib/router/route.js:149:13)\n    at next (/home/abhay/Data/personal/quixhr/backend/node_modules/express/lib/router/route.js:145:7)\n    at next (/home/abhay/Data/personal/quixhr/backend/node_modules/express/lib/router/route.js:145:7)\n    at next (/home/abhay/Data/personal/quixhr/backend/node_modules/express/lib/router/route.js:145:7)\n    at next (/home/abhay/Data/personal/quixhr/backend/node_modules/express/lib/router/route.js:145:7)\n    at next (/home/abhay/Data/personal/quixhr/backend/node_modules/express/lib/router/route.js:145:7)\n    at next (/home/abhay/Data/personal/quixhr/backend/node_modules/express/lib/router/route.js:145:7)\n    at next (/home/abhay/Data/personal/quixhr/backend/node_modules/express/lib/router/route.js:145:7)","status":"fail","statusCode":404,"timestamp":"2026-01-09 01:25:21:2521"}
{"duration":3,"level":"warn","message":"Request Completed: PATCH /api/v1/notifications/c2377343-a0a6-4146-98c8-fb285615806b/read 404 3ms","statusCode":404,"timestamp":"2026-01-09 01:25:21:2521"}
{"ip":"::1","level":"error","message":"Global Error Handler Can't find /api/v1/notifications/c2377343-a0a6-4146-98c8-fb285615806b/read on this server!","method":"PATCH","path":"/api/v1/notifications/c2377343-a0a6-4146-98c8-fb285615806b/read","stack":"Error: Can't find /api/v1/notifications/c2377343-a0a6-4146-98c8-fb285615806b/read on this server!\n    at /home/abhay/Data/personal/quixhr/backend/src/app.ts:115:8\n    at Layer.handle [as handle_request] (/home/abhay/Data/personal/quixhr/backend/node_modules/express/lib/router/layer.js:95:5)\n    at next (/home/abhay/Data/personal/quixhr/backend/node_modules/express/lib/router/route.js:149:13)\n    at next (/home/abhay/Data/personal/quixhr/backend/node_modules/express/lib/router/route.js:145:7)\n    at next (/home/abhay/Data/personal/quixhr/backend/node_modules/express/lib/router/route.js:145:7)\n    at next (/home/abhay/Data/personal/quixhr/backend/node_modules/express/lib/router/route.js:145:7)\n    at next (/home/abhay/Data/personal/quixhr/backend/node_modules/express/lib/router/route.js:145:7)\n    at next (/home/abhay/Data/personal/quixhr/backend/node_modules/express/lib/router/route.js:145:7)\n    at next (/home/abhay/Data/personal/quixhr/backend/node_modules/express/lib/router/route.js:145:7)\n    at next (/home/abhay/Data/personal/quixhr/backend/node_modules/express/lib/router/route.js:145:7)","status":"fail","statusCode":404,"timestamp":"2026-01-09 01:25:21:2521"}
{"duration":3,"level":"warn","message":"Request Completed: PATCH /api/v1/notifications/c2377343-a0a6-4146-98c8-fb285615806b/read 404 3ms","statusCode":404,"timestamp":"2026-01-09 01:25:21:2521"}
{"ip":"::1","level":"error","message":"Global Error Handler Can't find /api/v1/notifications/c2377343-a0a6-4146-98c8-fb285615806b/read on this server!","method":"PATCH","path":"/api/v1/notifications/c2377343-a0a6-4146-98c8-fb285615806b/read","stack":"Error: Can't find /api/v1/notifications/c2377343-a0a6-4146-98c8-fb285615806b/read on this server!\n    at /home/abhay/Data/personal/quixhr/backend/src/app.ts:115:8\n    at Layer.handle [as handle_request] (/home/abhay/Data/personal/quixhr/backend/node_modules/express/lib/router/layer.js:95:5)\n    at next (/home/abhay/Data/personal/quixhr/backend/node_modules/express/lib/router/route.js:149:13)\n    at next (/home/abhay/Data/personal/quixhr/backend/node_modules/express/lib/router/route.js:145:7)\n    at next (/home/abhay/Data/personal/quixhr/backend/node_modules/express/lib/router/route.js:145:7)\n    at next (/home/abhay/Data/personal/quixhr/backend/node_modules/express/lib/router/route.js:145:7)\n    at next (/home/abhay/Data/personal/quixhr/backend/node_modules/express/lib/router/route.js:145:7)\n    at next (/home/abhay/Data/personal/quixhr/backend/node_modules/express/lib/router/route.js:145:7)\n    at next (/home/abhay/Data/personal/quixhr/backend/node_modules/express/lib/router/route.js:145:7)\n    at next (/home/abhay/Data/personal/quixhr/backend/node_modules/express/lib/router/route.js:145:7)","status":"fail","statusCode":404,"timestamp":"2026-01-09 01:25:22:2522"}
{"duration":3,"level":"warn","message":"Request Completed: PATCH /api/v1/notifications/c2377343-a0a6-4146-98c8-fb285615806b/read 404 3ms","statusCode":404,"timestamp":"2026-01-09 01:25:22:2522"}
{"ip":"::1","level":"error","message":"Global Error Handler Can't find /api/v1/notifications/c2377343-a0a6-4146-98c8-fb285615806b/read on this server!","method":"PATCH","path":"/api/v1/notifications/c2377343-a0a6-4146-98c8-fb285615806b/read","stack":"Error: Can't find /api/v1/notifications/c2377343-a0a6-4146-98c8-fb285615806b/read on this server!\n    at /home/abhay/Data/personal/quixhr/backend/src/app.ts:115:8\n    at Layer.handle [as handle_request] (/home/abhay/Data/personal/quixhr/backend/node_modules/express/lib/router/layer.js:95:5)\n    at next (/home/abhay/Data/personal/quixhr/backend/node_modules/express/lib/router/route.js:149:13)\n    at next (/home/abhay/Data/personal/quixhr/backend/node_modules/express/lib/router/route.js:145:7)\n    at next (/home/abhay/Data/personal/quixhr/backend/node_modules/express/lib/router/route.js:145:7)\n    at next (/home/abhay/Data/personal/quixhr/backend/node_modules/express/lib/router/route.js:145:7)\n    at next (/home/abhay/Data/personal/quixhr/backend/node_modules/express/lib/router/route.js:145:7)\n    at next (/home/abhay/Data/personal/quixhr/backend/node_modules/express/lib/router/route.js:145:7)\n    at next (/home/abhay/Data/personal/quixhr/backend/node_modules/express/lib/router/route.js:145:7)\n    at next (/home/abhay/Data/personal/quixhr/backend/node_modules/express/lib/router/route.js:145:7)","status":"fail","statusCode":404,"timestamp":"2026-01-09 01:27:23:2723"}
{"duration":2,"level":"warn","message":"Request Completed: PATCH /api/v1/notifications/c2377343-a0a6-4146-98c8-fb285615806b/read 404 2ms","statusCode":404,"timestamp":"2026-01-09 01:27:23:2723"}
{"ip":"::1","level":"error","message":"Global Error Handler Can't find /api/v1/notifications/c2377343-a0a6-4146-98c8-fb285615806b/read on this server!","method":"PATCH","path":"/api/v1/notifications/c2377343-a0a6-4146-98c8-fb285615806b/read","stack":"Error: Can't find /api/v1/notifications/c2377343-a0a6-4146-98c8-fb285615806b/read on this server!\n    at /home/abhay/Data/personal/quixhr/backend/src/app.ts:115:8\n    at Layer.handle [as handle_request] (/home/abhay/Data/personal/quixhr/backend/node_modules/express/lib/router/layer.js:95:5)\n    at next (/home/abhay/Data/personal/quixhr/backend/node_modules/express/lib/router/route.js:149:13)\n    at next (/home/abhay/Data/personal/quixhr/backend/node_modules/express/lib/router/route.js:145:7)\n    at next (/home/abhay/Data/personal/quixhr/backend/node_modules/express/lib/router/route.js:145:7)\n    at next (/home/abhay/Data/personal/quixhr/backend/node_modules/express/lib/router/route.js:145:7)\n    at next (/home/abhay/Data/personal/quixhr/backend/node_modules/express/lib/router/route.js:145:7)\n    at next (/home/abhay/Data/personal/quixhr/backend/node_modules/express/lib/router/route.js:145:7)\n    at next (/home/abhay/Data/personal/quixhr/backend/node_modules/express/lib/router/route.js:145:7)\n    at next (/home/abhay/Data/personal/quixhr/backend/node_modules/express/lib/router/route.js:145:7)","status":"fail","statusCode":404,"timestamp":"2026-01-09 01:27:24:2724"}
{"duration":3,"level":"warn","message":"Request Completed: PATCH /api/v1/notifications/c2377343-a0a6-4146-98c8-fb285615806b/read 404 3ms","statusCode":404,"timestamp":"2026-01-09 01:27:24:2724"}
{"ip":"::1","level":"error","message":"Global Error Handler Can't find /api/v1/notifications/c2377343-a0a6-4146-98c8-fb285615806b/read on this server!","method":"PATCH","path":"/api/v1/notifications/c2377343-a0a6-4146-98c8-fb285615806b/read","stack":"Error: Can't find /api/v1/notifications/c2377343-a0a6-4146-98c8-fb285615806b/read on this server!\n    at /home/abhay/Data/personal/quixhr/backend/src/app.ts:115:8\n    at Layer.handle [as handle_request] (/home/abhay/Data/personal/quixhr/backend/node_modules/express/lib/router/layer.js:95:5)\n    at next (/home/abhay/Data/personal/quixhr/backend/node_modules/express/lib/router/route.js:149:13)\n    at next (/home/abhay/Data/personal/quixhr/backend/node_modules/express/lib/router/route.js:145:7)\n    at next (/home/abhay/Data/personal/quixhr/backend/node_modules/express/lib/router/route.js:145:7)\n    at next (/home/abhay/Data/personal/quixhr/backend/node_modules/express/lib/router/route.js:145:7)\n    at next (/home/abhay/Data/personal/quixhr/backend/node_modules/express/lib/router/route.js:145:7)\n    at next (/home/abhay/Data/personal/quixhr/backend/node_modules/express/lib/router/route.js:145:7)\n    at next (/home/abhay/Data/personal/quixhr/backend/node_modules/express/lib/router/route.js:145:7)\n    at next (/home/abhay/Data/personal/quixhr/backend/node_modules/express/lib/router/route.js:145:7)","status":"fail","statusCode":404,"timestamp":"2026-01-09 01:27:28:2728"}
{"duration":3,"level":"warn","message":"Request Completed: PATCH /api/v1/notifications/c2377343-a0a6-4146-98c8-fb285615806b/read 404 3ms","statusCode":404,"timestamp":"2026-01-09 01:27:28:2728"}
{"ip":"::1","level":"error","message":"Global Error Handler Can't find /api/v1/notifications/c2377343-a0a6-4146-98c8-fb285615806b/read on this server!","method":"PATCH","path":"/api/v1/notifications/c2377343-a0a6-4146-98c8-fb285615806b/read","stack":"Error: Can't find /api/v1/notifications/c2377343-a0a6-4146-98c8-fb285615806b/read on this server!\n    at /home/abhay/Data/personal/quixhr/backend/src/app.ts:115:8\n    at Layer.handle [as handle_request] (/home/abhay/Data/personal/quixhr/backend/node_modules/express/lib/router/layer.js:95:5)\n    at next (/home/abhay/Data/personal/quixhr/backend/node_modules/express/lib/router/route.js:149:13)\n    at next (/home/abhay/Data/personal/quixhr/backend/node_modules/express/lib/router/route.js:145:7)\n    at next (/home/abhay/Data/personal/quixhr/backend/node_modules/express/lib/router/route.js:145:7)\n    at next (/home/abhay/Data/personal/quixhr/backend/node_modules/express/lib/router/route.js:145:7)\n    at next (/home/abhay/Data/personal/quixhr/backend/node_modules/express/lib/router/route.js:145:7)\n    at next (/home/abhay/Data/personal/quixhr/backend/node_modules/express/lib/router/route.js:145:7)\n    at next (/home/abhay/Data/personal/quixhr/backend/node_modules/express/lib/router/route.js:145:7)\n    at next (/home/abhay/Data/personal/quixhr/backend/node_modules/express/lib/router/route.js:145:7)","status":"fail","statusCode":404,"timestamp":"2026-01-09 01:27:29:2729"}
{"duration":3,"level":"warn","message":"Request Completed: PATCH /api/v1/notifications/c2377343-a0a6-4146-98c8-fb285615806b/read 404 3ms","statusCode":404,"timestamp":"2026-01-09 01:27:29:2729"}
{"duration":3,"level":"warn","message":"Request Completed: GET /notifications/unread-count 401 3ms","statusCode":401,"timestamp":"2026-01-09 01:28:18:2818"}
{"duration":6,"level":"warn","message":"Request Completed: GET /notifications?limit=10&offset=0 401 6ms","statusCode":401,"timestamp":"2026-01-09 01:28:18:2818"}
{"level":"info","message":"Queued email: login-alert to abhaysharma.as2719@gmail.com","timestamp":"2026-01-09 01:28:25:2825"}
{"level":"info","message":"Processing email job 28: login-alert to abhaysharma.as2719@gmail.com","timestamp":"2026-01-09 01:28:25:2825"}
{"level":"info","message":"Message sent: %s","timestamp":"2026-01-09 01:28:26:2826"}
{"level":"info","message":"Email job 28 completed successfully","timestamp":"2026-01-09 01:28:26:2826"}
{"level":"info","message":"✅ Redis connected","timestamp":"2026-01-09 01:28:32:2832"}
{"level":"info","message":"Prisma Info Starting a postgresql pool with 21 connections.","timestamp":"2026-01-09 01:28:32:2832"}
{"level":"info","message":"Server running on port 4000","timestamp":"2026-01-09 01:28:32:2832"}
